{
  "RSpec": {
    "coverage": {
      "/NEOSAVVY/work/runenergy/runenergy-biogasdata/lib/core_ext/string.rb": [
        1,
        1,
        0,
        null,
        null,
        1,
        0,
        null,
        null
      ],
      "/NEOSAVVY/work/runenergy/runenergy-biogasdata/app/controllers/application_controller.rb": [
        1,
        1,
        null
      ],
      "/NEOSAVVY/work/runenergy/runenergy-biogasdata/app/helpers/application_helper.rb": [
        1,
        null
      ],
      "/NEOSAVVY/work/runenergy/runenergy-biogasdata/app/helpers/dashboard_helper.rb": [
        1,
        null
      ],
      "/NEOSAVVY/work/runenergy/runenergy-biogasdata/lib/development_mail_interceptor.rb": [
        1,
        1,
        0,
        null,
        null
      ],
      "/NEOSAVVY/work/runenergy/runenergy-biogasdata/app/models/user.rb": [
        1,
        null,
        null,
        null,
        1,
        null,
        null,
        1,
        1,
        null,
        null,
        1,
        1,
        1,
        1,
        1,
        1,
        1,
        1,
        1,
        null,
        null,
        1,
        0,
        0,
        null,
        0,
        null,
        null,
        null,
        1,
        0,
        0,
        null,
        0,
        0,
        0,
        null,
        0,
        null,
        null,
        null,
        null,
        1,
        0,
        null,
        null,
        1,
        0,
        0,
        0,
        null,
        null,
        null,
        null,
        1,
        0,
        null,
        null,
        1,
        0,
        null,
        null,
        1,
        0,
        null,
        null,
        1,
        0,
        null,
        null,
        1,
        0,
        null,
        null,
        null
      ],
      "/NEOSAVVY/work/runenergy/runenergy-biogasdata/app/models/admin_user.rb": [
        1,
        null,
        null,
        null,
        1,
        null,
        null,
        null,
        1,
        null,
        null
      ],
      "/NEOSAVVY/work/runenergy/runenergy-biogasdata/app/models/asset_property.rb": [
        1,
        1,
        1,
        1,
        null
      ],
      "/NEOSAVVY/work/runenergy/runenergy-biogasdata/app/models/asset.rb": [
        1,
        1,
        1,
        1,
        1,
        1,
        1,
        null,
        1,
        null,
        1,
        null,
        null,
        null,
        null,
        null,
        0,
        null,
        null,
        1,
        0,
        null,
        null,
        1,
        null,
        0,
        null,
        null,
        1,
        0,
        0,
        0,
        0,
        null,
        0,
        null,
        null,
        null,
        null
      ],
      "/NEOSAVVY/work/runenergy/runenergy-biogasdata/app/models/attribute_name_mapping.rb": [
        1,
        1,
        null,
        1,
        null,
        0,
        null,
        null,
        null,
        null,
        null
      ],
      "/NEOSAVVY/work/runenergy/runenergy-biogasdata/app/models/company.rb": [
        1,
        1,
        1,
        null
      ],
      "/NEOSAVVY/work/runenergy/runenergy-biogasdata/app/models/country.rb": [
        1,
        1,
        null
      ],
      "/NEOSAVVY/work/runenergy/runenergy-biogasdata/app/models/device_profile.rb": [
        1,
        1,
        1,
        1,
        1,
        1,
        null,
        1,
        0,
        null,
        null
      ],
      "/NEOSAVVY/work/runenergy/runenergy-biogasdata/app/models/exception_notification.rb": [
        1,
        1,
        1,
        1,
        null,
        1,
        null,
        1,
        0,
        null,
        null,
        1,
        null,
        null,
        null,
        0,
        null,
        null,
        1,
        null,
        null,
        null,
        0,
        null,
        null,
        1,
        null,
        null,
        null,
        null,
        null,
        null,
        0,
        null,
        null,
        1,
        null,
        null,
        null,
        null,
        null,
        null,
        0,
        null,
        null,
        1,
        null,
        null
      ],
      "/NEOSAVVY/work/runenergy/runenergy-biogasdata/app/models/field_log_point.rb": [
        1,
        1,
        1,
        1,
        null,
        1,
        0,
        null,
        null,
        1,
        0,
        null,
        null,
        1,
        0,
        null,
        null
      ],
      "/NEOSAVVY/work/runenergy/runenergy-biogasdata/app/models/flare_data_mapping.rb": [
        1,
        1,
        1,
        1,
        null,
        1,
        0,
        0,
        0,
        null,
        null,
        null,
        null,
        1,
        0,
        0,
        0,
        0,
        0,
        null,
        null,
        0,
        null,
        null
      ],
      "/NEOSAVVY/work/runenergy/runenergy-biogasdata/app/models/flare_deployment.rb": [
        1,
        1,
        1,
        1,
        1,
        1,
        null,
        1,
        1,
        1,
        null,
        1,
        0,
        null,
        null,
        1,
        0,
        null,
        null,
        1,
        0,
        0,
        null,
        0,
        null,
        null,
        null,
        1,
        0,
        0,
        0,
        0,
        null,
        0,
        null,
        null,
        null,
        1,
        0,
        0,
        0,
        0,
        null,
        0,
        null,
        null,
        null
      ],
      "/NEOSAVVY/work/runenergy/runenergy-biogasdata/app/models/flare_import_log.rb": [
        1,
        1,
        1,
        null,
        1,
        0,
        null,
        null
      ],
      "/NEOSAVVY/work/runenergy/runenergy-biogasdata/app/models/flare_monitor_data.rb": [
        1,
        1,
        1,
        1,
        1,
        1,
        null,
        1,
        1,
        null,
        1,
        1,
        1,
        null,
        null,
        null,
        null,
        null,
        null,
        null,
        null,
        null,
        null,
        null,
        null,
        null,
        null,
        1,
        1,
        null,
        1,
        0,
        0,
        0,
        0,
        0,
        0,
        0,
        null,
        0,
        0,
        0,
        0,
        null,
        0,
        null,
        0,
        null,
        null,
        0,
        0,
        0,
        0,
        0,
        0,
        null,
        0,
        null,
        null,
        0,
        null,
        null,
        null,
        1,
        0,
        null,
        null,
        1,
        0,
        0,
        null,
        0,
        null,
        null,
        1,
        0,
        0,
        null,
        0,
        null,
        null,
        1,
        0,
        0,
        0,
        null,
        0,
        null,
        0,
        null,
        null,
        null,
        null,
        1,
        0,
        null,
        0,
        0,
        null,
        0,
        null,
        0,
        0,
        0,
        null,
        0,
        null,
        null,
        0,
        0,
        0,
        null,
        null,
        null,
        null,
        1,
        0,
        0,
        0,
        0,
        0,
        null,
        0,
        null,
        null,
        null,
        0,
        0,
        null,
        0,
        null,
        null,
        0,
        0,
        null,
        null,
        0,
        0,
        0,
        0,
        null,
        0,
        null,
        null,
        null,
        0,
        0,
        null,
        0,
        null,
        null,
        0,
        0,
        null,
        null,
        0,
        null,
        null,
        null,
        1,
        0,
        0,
        0,
        0,
        0,
        null,
        null,
        0,
        null,
        0,
        null,
        null,
        null,
        null,
        1,
        1,
        1,
        null,
        1,
        0,
        null,
        null,
        1,
        0,
        null,
        null,
        1,
        0,
        null,
        0,
        null,
        0,
        0,
        null,
        null,
        1,
        0,
        0,
        0,
        0,
        0,
        0,
        0,
        null,
        null,
        null,
        0,
        null,
        null,
        1,
        0,
        null,
        null
      ],
      "/NEOSAVVY/work/runenergy/runenergy-biogasdata/lib/modules/smart_initialization.rb": [
        1,
        null,
        1,
        1,
        null,
        null,
        1,
        1,
        0,
        0,
        0,
        null,
        0,
        null,
        null,
        null,
        null
      ],
      "/NEOSAVVY/work/runenergy/runenergy-biogasdata/lib/modules/smart_assignment.rb": [
        1,
        null,
        1,
        0,
        0,
        null,
        null,
        null,
        null
      ],
      "/NEOSAVVY/work/runenergy/runenergy-biogasdata/app/models/flare_specification.rb": [
        1,
        1,
        1,
        1,
        1,
        1,
        1,
        1,
        null,
        1,
        1,
        null,
        1,
        0,
        null,
        null,
        1,
        0,
        null,
        null,
        1,
        0,
        0,
        0,
        0,
        0,
        0,
        null,
        0,
        null,
        null,
        null,
        1,
        0,
        0,
        null,
        null,
        null,
        null,
        null
      ],
      "/NEOSAVVY/work/runenergy/runenergy-biogasdata/app/models/location.rb": [
        1,
        1,
        1,
        1,
        1,
        1,
        1,
        1,
        1,
        1,
        1,
        1,
        1,
        1,
        1,
        1,
        1,
        1,
        null,
        1,
        null,
        1,
        null,
        null,
        null,
        1,
        0,
        null,
        null,
        1,
        0,
        null,
        null
      ],
      "/NEOSAVVY/work/runenergy/runenergy-biogasdata/app/models/locations_monitor_class.rb": [
        1,
        1,
        1,
        1,
        1,
        1,
        1,
        1,
        1,
        1,
        null,
        1,
        null,
        1,
        1,
        null,
        1,
        0,
        0,
        0,
        null,
        0,
        null,
        null,
        1,
        0,
        0,
        0,
        0,
        0,
        null,
        null,
        0,
        null,
        null,
        1,
        0,
        null,
        null,
        1,
        0,
        0,
        0,
        0,
        0,
        0,
        0,
        0,
        0,
        0,
        0,
        null,
        null,
        0,
        0,
        null,
        null,
        null,
        null,
        null,
        null,
        0,
        null,
        null,
        null,
        null,
        1,
        0,
        0,
        0,
        0,
        0,
        null,
        0,
        null,
        null,
        null,
        0,
        null,
        null,
        0,
        null,
        null,
        null,
        1,
        0,
        0,
        0,
        null,
        null,
        null
      ],
      "/NEOSAVVY/work/runenergy/runenergy-biogasdata/app/models/monitor_class.rb": [
        1,
        1,
        1,
        1,
        1,
        1,
        1,
        1,
        1,
        1,
        null,
        1,
        null,
        1,
        0,
        0,
        0,
        0,
        0,
        null,
        null,
        null,
        null,
        1,
        0,
        null,
        null,
        1,
        0,
        0,
        0,
        null,
        0,
        0,
        null,
        null,
        1,
        0,
        0,
        null,
        0,
        0,
        null,
        0,
        null,
        null,
        null,
        null
      ],
      "/NEOSAVVY/work/runenergy/runenergy-biogasdata/app/models/monitor_limit.rb": [
        1,
        1,
        1,
        1,
        null,
        1,
        null,
        null
      ],
      "/NEOSAVVY/work/runenergy/runenergy-biogasdata/app/models/monitor_point.rb": [
        1,
        1,
        null,
        1,
        1,
        1,
        1,
        1,
        1,
        null,
        1,
        0,
        0,
        0,
        0,
        0,
        null,
        0,
        null,
        null,
        1,
        0,
        null,
        null,
        1,
        0,
        null,
        null
      ],
      "/NEOSAVVY/work/runenergy/runenergy-biogasdata/lib/modules/mapping_help.rb": [
        1,
        null,
        1,
        1,
        null,
        null,
        1,
        1,
        0,
        0,
        0,
        0,
        null,
        null,
        0,
        null,
        null,
        null,
        null
      ],
      "/NEOSAVVY/work/runenergy/runenergy-biogasdata/app/models/reading.rb": [
        1,
        null,
        1,
        1,
        1,
        1,
        1,
        1,
        null,
        1,
        0,
        0,
        null,
        null,
        0,
        0,
        0,
        0,
        0,
        null,
        0,
        0,
        null,
        0,
        0,
        0,
        null,
        null,
        null,
        null,
        0,
        null,
        0,
        null,
        0,
        null,
        null,
        null,
        1,
        0,
        0,
        0,
        0,
        0,
        null,
        null,
        0,
        null,
        null,
        null,
        1,
        0,
        0,
        0,
        0,
        null,
        0,
        null,
        null,
        0,
        0,
        0,
        null,
        null,
        null,
        null,
        null,
        null,
        null,
        null,
        0,
        null,
        null,
        0,
        null,
        0,
        null,
        null,
        null,
        1,
        0,
        0,
        0,
        0,
        0,
        0,
        null,
        0,
        null,
        null,
        null,
        0,
        null,
        null,
        1,
        0,
        null,
        null,
        1,
        0,
        0,
        0,
        0,
        0,
        0,
        null,
        0,
        0,
        0,
        null,
        null,
        0,
        0,
        0,
        0,
        null,
        0,
        0,
        0,
        null,
        0,
        0,
        null,
        null,
        null,
        null,
        null,
        0,
        null,
        null,
        1,
        0,
        null,
        0,
        0,
        0,
        null,
        null,
        0,
        null,
        null,
        1,
        0,
        null,
        null,
        null,
        null,
        null
      ],
      "/NEOSAVVY/work/runenergy/runenergy-biogasdata/app/models/data_as_string_model.rb": [
        1,
        1,
        1,
        null,
        1,
        0,
        0,
        null,
        null,
        null,
        1,
        null
      ],
      "/NEOSAVVY/work/runenergy/runenergy-biogasdata/app/models/section.rb": [
        1,
        1,
        1,
        1,
        1,
        null,
        1,
        0,
        0,
        null,
        0,
        null,
        null,
        null
      ],
      "/NEOSAVVY/work/runenergy/runenergy-biogasdata/app/models/state.rb": [
        1,
        1,
        1,
        null
      ],
      "/NEOSAVVY/work/runenergy/runenergy-biogasdata/app/models/user_group.rb": [
        1,
        1,
        1,
        1,
        1,
        1,
        1,
        1,
        null
      ],
      "/NEOSAVVY/work/runenergy/runenergy-biogasdata/app/api/field.rb": [
        1,
        1,
        null,
        1,
        1,
        null,
        null,
        1,
        1,
        0,
        null,
        null,
        1,
        0,
        0,
        null,
        0,
        0,
        null,
        0,
        null,
        null,
        null,
        1,
        0,
        null,
        null,
        null,
        null,
        null,
        null,
        null,
        null,
        null,
        null,
        null,
        null,
        null,
        null,
        null,
        null,
        null,
        null,
        1,
        1,
        0,
        0,
        null,
        0,
        0,
        null,
        null,
        0,
        0,
        0,
        null,
        null,
        0,
        0,
        0,
        null,
        0,
        0,
        null,
        null,
        null,
        1,
        0,
        0,
        0,
        null,
        0,
        0,
        null,
        null,
        null,
        null,
        1,
        1,
        0,
        null,
        null,
        0,
        null,
        null,
        null,
        null,
        1,
        1,
        1,
        1,
        null,
        1,
        0,
        null,
        null,
        null,
        null,
        null,
        null,
        0,
        null,
        0,
        null,
        null,
        null,
        1,
        1,
        1,
        1,
        1,
        1,
        1,
        null,
        1,
        0,
        0,
        0,
        0,
        null,
        null,
        null,
        null,
        null,
        null,
        null,
        null,
        0,
        null,
        0,
        null,
        null,
        0,
        null,
        null,
        0,
        null,
        null,
        null,
        null,
        null,
        null
      ],
      "/NEOSAVVY/work/runenergy/runenergy-biogasdata/app/controllers/dashboard_controller.rb": [
        1,
        1,
        null,
        1,
        null,
        1,
        null,
        null,
        null,
        null,
        1,
        0,
        null,
        null,
        1,
        0,
        0,
        0,
        null,
        null,
        0,
        null,
        null,
        1,
        0,
        0,
        null,
        0,
        null,
        0,
        null,
        null,
        0,
        0,
        null,
        0,
        null,
        null,
        1,
        0,
        0,
        null,
        0,
        null,
        null,
        0,
        null,
        null,
        1,
        0,
        0,
        null,
        0,
        null,
        null,
        0,
        null,
        null,
        1,
        0,
        null,
        0,
        null,
        null,
        1,
        0,
        0,
        0,
        null,
        null,
        null,
        null,
        null,
        null,
        0,
        0,
        null,
        0,
        null,
        null,
        0,
        null,
        0,
        null,
        0,
        0,
        null,
        0,
        null,
        0,
        null,
        0,
        0,
        0,
        0,
        null,
        0,
        0,
        0,
        null,
        null,
        null,
        null,
        1,
        1,
        null,
        null,
        null,
        null,
        null,
        null,
        0,
        null,
        null
      ],
      "/NEOSAVVY/work/runenergy/runenergy-biogasdata/lib/modules/ajax_help.rb": [
        1,
        1,
        0,
        null,
        null,
        0,
        null,
        null,
        null,
        1,
        0,
        0,
        0,
        null,
        0,
        null,
        null,
        null
      ],
      "/NEOSAVVY/work/runenergy/runenergy-biogasdata/app/controllers/data_analysis_controller.rb": [
        1,
        1,
        1,
        null,
        1,
        0,
        null,
        null,
        1,
        0,
        null,
        0,
        0,
        null,
        0,
        null,
        0,
        null,
        0,
        0,
        null,
        0,
        0,
        null,
        0,
        0,
        null,
        null,
        null,
        0,
        null,
        null,
        0,
        null,
        null,
        null,
        null,
        1,
        0,
        0,
        0,
        0,
        0,
        null,
        0,
        0,
        null,
        0,
        null,
        0,
        null,
        null,
        null,
        null
      ],
      "/NEOSAVVY/work/runenergy/runenergy-biogasdata/app/controllers/data_interface_controller.rb": [
        1,
        null,
        1,
        1,
        0,
        0,
        0,
        0,
        null,
        0,
        0,
        null,
        0,
        0,
        0,
        null,
        0,
        0,
        null,
        null,
        null,
        1,
        0,
        0,
        0,
        0,
        0,
        null,
        0,
        null,
        null,
        null
      ],
      "/NEOSAVVY/work/runenergy/runenergy-biogasdata/app/controllers/data_input_controller.rb": [
        1,
        1,
        null,
        1,
        null,
        1,
        null,
        0,
        0,
        0,
        null,
        0,
        null,
        null,
        null,
        1,
        null,
        0,
        null,
        0,
        null,
        0,
        null,
        null,
        0,
        null,
        null,
        null,
        1,
        0,
        0,
        0,
        0,
        0,
        0,
        null,
        0,
        null,
        0,
        null,
        null,
        0,
        null,
        null,
        null,
        1,
        0,
        null,
        0,
        null,
        null,
        null,
        null,
        0,
        0,
        0,
        null,
        null,
        null,
        null,
        null,
        null,
        null,
        0,
        0,
        null,
        null,
        0,
        null,
        0,
        null,
        null,
        0,
        0,
        null,
        null,
        null,
        1,
        null,
        0,
        null,
        null,
        0,
        0,
        null,
        null,
        null,
        null,
        0,
        null,
        0,
        null,
        0,
        null,
        null,
        0,
        null,
        null,
        null,
        1,
        0,
        0,
        0,
        null,
        0,
        null,
        null,
        null,
        null,
        null,
        0,
        null,
        null,
        0,
        null,
        0,
        null,
        null,
        null,
        null,
        0,
        null,
        null,
        1,
        0,
        null,
        null,
        0,
        0,
        0,
        null,
        null,
        null,
        null,
        null,
        null,
        null,
        null,
        0,
        null,
        null,
        0,
        null,
        null,
        0,
        null,
        null,
        0,
        null,
        null,
        null,
        null,
        0,
        null,
        null,
        null,
        1,
        0,
        0,
        0,
        0,
        0,
        0,
        0,
        null,
        0,
        null,
        null,
        0,
        0,
        null,
        null,
        0,
        null,
        null,
        0,
        null,
        null,
        null,
        null,
        0,
        null,
        null,
        null,
        null
      ],
      "/NEOSAVVY/work/runenergy/runenergy-biogasdata/app/controllers/summary_controller.rb": [
        1,
        1,
        1,
        null,
        1,
        0,
        null,
        null,
        null
      ],
      "/NEOSAVVY/work/runenergy/runenergy-biogasdata/app/controllers/visualizations_controller.rb": [
        1,
        1,
        1,
        null,
        1,
        0,
        0,
        0,
        null,
        null,
        null,
        null
      ],
      "/NEOSAVVY/work/runenergy/runenergy-biogasdata/app/enums/data_analysis_filter.rb": [
        1,
        null,
        null,
        1,
        1,
        0,
        null,
        null,
        null,
        1,
        1,
        0,
        null,
        null,
        null,
        1,
        1,
        0,
        null,
        null,
        null,
        1,
        1,
        0,
        null,
        null
      ],
      "/NEOSAVVY/work/runenergy/runenergy-biogasdata/app/mailers/exception_mailer.rb": [
        1,
        1,
        null,
        1,
        null,
        0,
        0,
        0,
        0,
        null,
        null,
        0,
        0,
        0,
        null,
        null,
        null,
        null,
        null,
        1,
        null,
        0,
        0,
        0,
        0,
        null,
        null,
        0,
        0,
        0,
        null,
        null,
        null,
        null,
        null
      ],
      "/NEOSAVVY/work/runenergy/runenergy-biogasdata/app/models/asset_property_value.rb": [
        1,
        1,
        1,
        1,
        null
      ],
      "/NEOSAVVY/work/runenergy/runenergy-biogasdata/app/models/assets_monitor_class.rb": [
        1,
        1,
        1,
        1,
        null
      ],
      "/NEOSAVVY/work/runenergy/runenergy-biogasdata/app/models/assets_monitor_point.rb": [
        1,
        1,
        1,
        1,
        null
      ],
      "/NEOSAVVY/work/runenergy/runenergy-biogasdata/app/models/csv_mapping_pair.rb": [
        1,
        null,
        null
      ],
      "/NEOSAVVY/work/runenergy/runenergy-biogasdata/app/models/custom_monitor_calculation.rb": [
        1,
        1,
        1,
        null,
        1,
        null,
        1,
        0,
        0,
        0,
        null,
        null,
        0,
        0,
        0,
        null,
        null,
        null,
        0,
        0,
        null,
        null,
        null,
        0,
        0,
        0,
        null,
        null,
        0,
        0,
        0,
        0,
        null,
        null,
        0,
        null,
        null,
        null,
        1,
        0,
        null,
        null
      ],
      "/NEOSAVVY/work/runenergy/runenergy-biogasdata/app/models/device_profiles_user.rb": [
        1,
        1,
        1,
        1,
        null
      ],
      "/NEOSAVVY/work/runenergy/runenergy-biogasdata/app/models/device_profiles_user_group.rb": [
        1,
        1,
        1,
        1,
        null
      ],
      "/NEOSAVVY/work/runenergy/runenergy-biogasdata/app/models/field_log.rb": [
        1,
        1,
        1,
        null,
        1,
        0,
        0,
        null,
        0,
        null,
        null,
        null,
        1,
        0,
        0,
        0,
        null,
        0,
        null,
        null,
        null,
        1,
        0,
        null,
        null
      ],
      "/NEOSAVVY/work/runenergy/runenergy-biogasdata/app/models/field_log_points_locations_monitor_class.rb": [
        1,
        1,
        1,
        1,
        1,
        null
      ],
      "/NEOSAVVY/work/runenergy/runenergy-biogasdata/app/models/flare_collection_statistic.rb": [
        1,
        1,
        1,
        null,
        1,
        0,
        null,
        null
      ],
      "/NEOSAVVY/work/runenergy/runenergy-biogasdata/app/models/flare_deployment_status_code.rb": [
        1,
        1,
        null,
        1,
        0,
        null,
        null,
        1,
        0,
        null,
        null
      ],
      "/NEOSAVVY/work/runenergy/runenergy-biogasdata/app/models/locations_user.rb": [
        1,
        1,
        1,
        1,
        null
      ],
      "/NEOSAVVY/work/runenergy/runenergy-biogasdata/app/models/locations_user_group.rb": [
        1,
        1,
        1,
        1,
        null
      ],
      "/NEOSAVVY/work/runenergy/runenergy-biogasdata/app/models/monitor_classes_field_log_point.rb": [
        1,
        1,
        1,
        1,
        null
      ],
      "/NEOSAVVY/work/runenergy/runenergy-biogasdata/app/models/monitor_classes_monitor_point.rb": [
        1,
        1,
        1,
        1,
        null,
        null
      ],
      "/NEOSAVVY/work/runenergy/runenergy-biogasdata/app/models/monitor_points_locations_monitor_class.rb": [
        1,
        1,
        1,
        1,
        null
      ],
      "/NEOSAVVY/work/runenergy/runenergy-biogasdata/app/models/user_groups_user.rb": [
        1,
        1,
        1,
        1,
        null
      ],
      "/NEOSAVVY/work/runenergy/runenergy-biogasdata/app/models/user_type.rb": [
        1,
        1,
        null,
        1,
        1,
        null,
        null,
        1,
        1,
        null,
        null,
        1,
        1,
        null,
        null
      ]
    },
    "timestamp": 1393299785
  }
}
